[0.118s] DEBUG:colcon:Command line arguments: ['/usr/bin/colcon', 'build']
[0.118s] DEBUG:colcon:Parsed command line arguments: Namespace(log_base=None, log_level=None, verb_name='build', build_base='build', install_base='install', merge_install=False, symlink_install=False, test_result_base=None, continue_on_error=False, executor='parallel', parallel_workers=16, event_handlers=None, ignore_user_meta=False, metas=['./colcon.meta'], base_paths=['.'], packages_ignore=None, packages_ignore_regex=None, paths=None, packages_up_to=None, packages_up_to_regex=None, packages_above=None, packages_above_and_dependencies=None, packages_above_depth=None, packages_select_by_dep=None, packages_skip_by_dep=None, packages_skip_up_to=None, packages_select_build_failed=False, packages_skip_build_finished=False, packages_select_test_failures=False, packages_skip_test_passed=False, packages_select=None, packages_skip=None, packages_select_regex=None, packages_skip_regex=None, packages_start=None, packages_end=None, allow_overriding=[], cmake_args=None, cmake_target=None, cmake_target_skip_unavailable=False, cmake_clean_cache=False, cmake_clean_first=False, cmake_force_configure=False, ament_cmake_args=None, catkin_cmake_args=None, catkin_skip_building_tests=False, mixin_files=None, mixin=None, verb_parser=<colcon_mixin.mixin.mixin_argument.MixinArgumentDecorator object at 0x7c145a63d9c0>, verb_extension=<colcon_core.verb.build.BuildVerb object at 0x7c145a63d3c0>, main=<bound method BuildVerb.main of <colcon_core.verb.build.BuildVerb object at 0x7c145a63d3c0>>, mixin_verb=('build',))
[0.303s] Level 1:colcon.colcon_core.package_discovery:discover_packages(colcon_meta) check parameters
[0.303s] Level 1:colcon.colcon_core.package_discovery:discover_packages(recursive) check parameters
[0.303s] Level 1:colcon.colcon_core.package_discovery:discover_packages(ignore) check parameters
[0.303s] Level 1:colcon.colcon_core.package_discovery:discover_packages(path) check parameters
[0.303s] Level 1:colcon.colcon_core.package_discovery:discover_packages(colcon_meta) discover
[0.303s] Level 1:colcon.colcon_core.package_discovery:discover_packages(recursive) discover
[0.303s] INFO:colcon.colcon_core.package_discovery:Crawling recursively for packages in '/home/jojodido/ros2_ws'
[0.303s] Level 1:colcon.colcon_core.package_identification:_identify(.) by extensions ['ignore', 'ignore_ament_install']
[0.304s] Level 1:colcon.colcon_core.package_identification:_identify(.) by extension 'ignore'
[0.304s] Level 1:colcon.colcon_core.package_identification:_identify(.) by extension 'ignore_ament_install'
[0.304s] Level 1:colcon.colcon_core.package_identification:_identify(.) by extensions ['colcon_pkg']
[0.304s] Level 1:colcon.colcon_core.package_identification:_identify(.) by extension 'colcon_pkg'
[0.304s] Level 1:colcon.colcon_core.package_identification:_identify(.) by extensions ['colcon_meta']
[0.304s] Level 1:colcon.colcon_core.package_identification:_identify(.) by extension 'colcon_meta'
[0.304s] Level 1:colcon.colcon_core.package_identification:_identify(.) by extensions ['ros']
[0.304s] Level 1:colcon.colcon_core.package_identification:_identify(.) by extension 'ros'
[0.314s] Level 1:colcon.colcon_core.package_identification:_identify(.) by extensions ['cmake', 'python']
[0.314s] Level 1:colcon.colcon_core.package_identification:_identify(.) by extension 'cmake'
[0.314s] Level 1:colcon.colcon_core.package_identification:_identify(.) by extension 'python'
[0.314s] Level 1:colcon.colcon_core.package_identification:_identify(.) by extensions ['python_setup_py']
[0.314s] Level 1:colcon.colcon_core.package_identification:_identify(.) by extension 'python_setup_py'
[0.315s] Level 1:colcon.colcon_core.package_identification:_identify(build) by extensions ['ignore', 'ignore_ament_install']
[0.315s] Level 1:colcon.colcon_core.package_identification:_identify(build) by extension 'ignore'
[0.315s] Level 1:colcon.colcon_core.package_identification:_identify(build) ignored
[0.315s] Level 1:colcon.colcon_core.package_identification:_identify(install) by extensions ['ignore', 'ignore_ament_install']
[0.315s] Level 1:colcon.colcon_core.package_identification:_identify(install) by extension 'ignore'
[0.315s] Level 1:colcon.colcon_core.package_identification:_identify(install) ignored
[0.315s] Level 1:colcon.colcon_core.package_identification:_identify(log) by extensions ['ignore', 'ignore_ament_install']
[0.315s] Level 1:colcon.colcon_core.package_identification:_identify(log) by extension 'ignore'
[0.315s] Level 1:colcon.colcon_core.package_identification:_identify(log) ignored
[0.315s] Level 1:colcon.colcon_core.package_identification:_identify(src) by extensions ['ignore', 'ignore_ament_install']
[0.315s] Level 1:colcon.colcon_core.package_identification:_identify(src) by extension 'ignore'
[0.315s] Level 1:colcon.colcon_core.package_identification:_identify(src) by extension 'ignore_ament_install'
[0.315s] Level 1:colcon.colcon_core.package_identification:_identify(src) by extensions ['colcon_pkg']
[0.315s] Level 1:colcon.colcon_core.package_identification:_identify(src) by extension 'colcon_pkg'
[0.316s] Level 1:colcon.colcon_core.package_identification:_identify(src) by extensions ['colcon_meta']
[0.316s] Level 1:colcon.colcon_core.package_identification:_identify(src) by extension 'colcon_meta'
[0.316s] Level 1:colcon.colcon_core.package_identification:_identify(src) by extensions ['ros']
[0.316s] Level 1:colcon.colcon_core.package_identification:_identify(src) by extension 'ros'
[0.316s] Level 1:colcon.colcon_core.package_identification:_identify(src) by extensions ['cmake', 'python']
[0.316s] Level 1:colcon.colcon_core.package_identification:_identify(src) by extension 'cmake'
[0.316s] Level 1:colcon.colcon_core.package_identification:_identify(src) by extension 'python'
[0.316s] Level 1:colcon.colcon_core.package_identification:_identify(src) by extensions ['python_setup_py']
[0.316s] Level 1:colcon.colcon_core.package_identification:_identify(src) by extension 'python_setup_py'
[0.316s] Level 1:colcon.colcon_core.package_identification:_identify(src/Advancing_motion_mapping_mobileBOT_R2H) by extensions ['ignore', 'ignore_ament_install']
[0.316s] Level 1:colcon.colcon_core.package_identification:_identify(src/Advancing_motion_mapping_mobileBOT_R2H) by extension 'ignore'
[0.316s] Level 1:colcon.colcon_core.package_identification:_identify(src/Advancing_motion_mapping_mobileBOT_R2H) by extension 'ignore_ament_install'
[0.316s] Level 1:colcon.colcon_core.package_identification:_identify(src/Advancing_motion_mapping_mobileBOT_R2H) by extensions ['colcon_pkg']
[0.316s] Level 1:colcon.colcon_core.package_identification:_identify(src/Advancing_motion_mapping_mobileBOT_R2H) by extension 'colcon_pkg'
[0.316s] Level 1:colcon.colcon_core.package_identification:_identify(src/Advancing_motion_mapping_mobileBOT_R2H) by extensions ['colcon_meta']
[0.316s] Level 1:colcon.colcon_core.package_identification:_identify(src/Advancing_motion_mapping_mobileBOT_R2H) by extension 'colcon_meta'
[0.316s] Level 1:colcon.colcon_core.package_identification:_identify(src/Advancing_motion_mapping_mobileBOT_R2H) by extensions ['ros']
[0.316s] Level 1:colcon.colcon_core.package_identification:_identify(src/Advancing_motion_mapping_mobileBOT_R2H) by extension 'ros'
[0.316s] Level 1:colcon.colcon_core.package_identification:_identify(src/Advancing_motion_mapping_mobileBOT_R2H) by extensions ['cmake', 'python']
[0.316s] Level 1:colcon.colcon_core.package_identification:_identify(src/Advancing_motion_mapping_mobileBOT_R2H) by extension 'cmake'
[0.316s] Level 1:colcon.colcon_core.package_identification:_identify(src/Advancing_motion_mapping_mobileBOT_R2H) by extension 'python'
[0.317s] Level 1:colcon.colcon_core.package_identification:_identify(src/Advancing_motion_mapping_mobileBOT_R2H) by extensions ['python_setup_py']
[0.317s] Level 1:colcon.colcon_core.package_identification:_identify(src/Advancing_motion_mapping_mobileBOT_R2H) by extension 'python_setup_py'
[0.317s] Level 1:colcon.colcon_core.package_identification:_identify(src/Advancing_motion_mapping_mobileBOT_R2H/build) by extensions ['ignore', 'ignore_ament_install']
[0.317s] Level 1:colcon.colcon_core.package_identification:_identify(src/Advancing_motion_mapping_mobileBOT_R2H/build) by extension 'ignore'
[0.317s] Level 1:colcon.colcon_core.package_identification:_identify(src/Advancing_motion_mapping_mobileBOT_R2H/build) ignored
[0.317s] Level 1:colcon.colcon_core.package_identification:_identify(src/Advancing_motion_mapping_mobileBOT_R2H/install) by extensions ['ignore', 'ignore_ament_install']
[0.317s] Level 1:colcon.colcon_core.package_identification:_identify(src/Advancing_motion_mapping_mobileBOT_R2H/install) by extension 'ignore'
[0.317s] Level 1:colcon.colcon_core.package_identification:_identify(src/Advancing_motion_mapping_mobileBOT_R2H/install) ignored
[0.317s] Level 1:colcon.colcon_core.package_identification:_identify(src/Advancing_motion_mapping_mobileBOT_R2H/log) by extensions ['ignore', 'ignore_ament_install']
[0.317s] Level 1:colcon.colcon_core.package_identification:_identify(src/Advancing_motion_mapping_mobileBOT_R2H/log) by extension 'ignore'
[0.317s] Level 1:colcon.colcon_core.package_identification:_identify(src/Advancing_motion_mapping_mobileBOT_R2H/log) ignored
[0.317s] Level 1:colcon.colcon_core.package_identification:_identify(src/Advancing_motion_mapping_mobileBOT_R2H/mobile_robot) by extensions ['ignore', 'ignore_ament_install']
[0.317s] Level 1:colcon.colcon_core.package_identification:_identify(src/Advancing_motion_mapping_mobileBOT_R2H/mobile_robot) by extension 'ignore'
[0.317s] Level 1:colcon.colcon_core.package_identification:_identify(src/Advancing_motion_mapping_mobileBOT_R2H/mobile_robot) by extension 'ignore_ament_install'
[0.317s] Level 1:colcon.colcon_core.package_identification:_identify(src/Advancing_motion_mapping_mobileBOT_R2H/mobile_robot) by extensions ['colcon_pkg']
[0.318s] Level 1:colcon.colcon_core.package_identification:_identify(src/Advancing_motion_mapping_mobileBOT_R2H/mobile_robot) by extension 'colcon_pkg'
[0.318s] Level 1:colcon.colcon_core.package_identification:_identify(src/Advancing_motion_mapping_mobileBOT_R2H/mobile_robot) by extensions ['colcon_meta']
[0.318s] Level 1:colcon.colcon_core.package_identification:_identify(src/Advancing_motion_mapping_mobileBOT_R2H/mobile_robot) by extension 'colcon_meta'
[0.318s] Level 1:colcon.colcon_core.package_identification:_identify(src/Advancing_motion_mapping_mobileBOT_R2H/mobile_robot) by extensions ['ros']
[0.318s] Level 1:colcon.colcon_core.package_identification:_identify(src/Advancing_motion_mapping_mobileBOT_R2H/mobile_robot) by extension 'ros'
[0.321s] DEBUG:colcon.colcon_core.package_identification:Package 'src/Advancing_motion_mapping_mobileBOT_R2H/mobile_robot' with type 'ros.ament_python' and name 'mobile_robot'
[0.321s] Level 1:colcon.colcon_core.package_identification:_identify(src/Advancing_motion_mapping_mobileBOT_R2H/my_robot_controller) by extensions ['ignore', 'ignore_ament_install']
[0.321s] Level 1:colcon.colcon_core.package_identification:_identify(src/Advancing_motion_mapping_mobileBOT_R2H/my_robot_controller) by extension 'ignore'
[0.321s] Level 1:colcon.colcon_core.package_identification:_identify(src/Advancing_motion_mapping_mobileBOT_R2H/my_robot_controller) by extension 'ignore_ament_install'
[0.321s] Level 1:colcon.colcon_core.package_identification:_identify(src/Advancing_motion_mapping_mobileBOT_R2H/my_robot_controller) by extensions ['colcon_pkg']
[0.321s] Level 1:colcon.colcon_core.package_identification:_identify(src/Advancing_motion_mapping_mobileBOT_R2H/my_robot_controller) by extension 'colcon_pkg'
[0.321s] Level 1:colcon.colcon_core.package_identification:_identify(src/Advancing_motion_mapping_mobileBOT_R2H/my_robot_controller) by extensions ['colcon_meta']
[0.321s] Level 1:colcon.colcon_core.package_identification:_identify(src/Advancing_motion_mapping_mobileBOT_R2H/my_robot_controller) by extension 'colcon_meta'
[0.321s] Level 1:colcon.colcon_core.package_identification:_identify(src/Advancing_motion_mapping_mobileBOT_R2H/my_robot_controller) by extensions ['ros']
[0.321s] Level 1:colcon.colcon_core.package_identification:_identify(src/Advancing_motion_mapping_mobileBOT_R2H/my_robot_controller) by extension 'ros'
[0.322s] DEBUG:colcon.colcon_core.package_identification:Package 'src/Advancing_motion_mapping_mobileBOT_R2H/my_robot_controller' with type 'ros.ament_python' and name 'my_robot_controller'
[0.322s] Level 1:colcon.colcon_core.package_discovery:discover_packages(recursive) using defaults
[0.322s] Level 1:colcon.colcon_core.package_discovery:discover_packages(ignore) discover
[0.322s] Level 1:colcon.colcon_core.package_discovery:discover_packages(ignore) using defaults
[0.322s] Level 1:colcon.colcon_core.package_discovery:discover_packages(path) discover
[0.322s] Level 1:colcon.colcon_core.package_discovery:discover_packages(path) using defaults
[0.351s] Level 1:colcon.colcon_core.package_discovery:discover_packages(prefix_path) check parameters
[0.351s] Level 1:colcon.colcon_core.package_discovery:discover_packages(prefix_path) discover
[0.354s] DEBUG:colcon.colcon_installed_package_information.package_discovery:Found 285 installed packages in /opt/ros/humble
[0.355s] Level 1:colcon.colcon_core.package_discovery:discover_packages(prefix_path) using defaults
[0.391s] Level 5:colcon.colcon_core.verb:set package 'mobile_robot' build argument 'cmake_args' from command line to 'None'
[0.391s] Level 5:colcon.colcon_core.verb:set package 'mobile_robot' build argument 'cmake_target' from command line to 'None'
[0.391s] Level 5:colcon.colcon_core.verb:set package 'mobile_robot' build argument 'cmake_target_skip_unavailable' from command line to 'False'
[0.391s] Level 5:colcon.colcon_core.verb:set package 'mobile_robot' build argument 'cmake_clean_cache' from command line to 'False'
[0.391s] Level 5:colcon.colcon_core.verb:set package 'mobile_robot' build argument 'cmake_clean_first' from command line to 'False'
[0.391s] Level 5:colcon.colcon_core.verb:set package 'mobile_robot' build argument 'cmake_force_configure' from command line to 'False'
[0.391s] Level 5:colcon.colcon_core.verb:set package 'mobile_robot' build argument 'ament_cmake_args' from command line to 'None'
[0.391s] Level 5:colcon.colcon_core.verb:set package 'mobile_robot' build argument 'catkin_cmake_args' from command line to 'None'
[0.391s] Level 5:colcon.colcon_core.verb:set package 'mobile_robot' build argument 'catkin_skip_building_tests' from command line to 'False'
[0.391s] DEBUG:colcon.colcon_core.verb:Building package 'mobile_robot' with the following arguments: {'ament_cmake_args': None, 'build_base': '/home/jojodido/ros2_ws/build/mobile_robot', 'catkin_cmake_args': None, 'catkin_skip_building_tests': False, 'cmake_args': None, 'cmake_clean_cache': False, 'cmake_clean_first': False, 'cmake_force_configure': False, 'cmake_target': None, 'cmake_target_skip_unavailable': False, 'install_base': '/home/jojodido/ros2_ws/install/mobile_robot', 'merge_install': False, 'path': '/home/jojodido/ros2_ws/src/Advancing_motion_mapping_mobileBOT_R2H/mobile_robot', 'symlink_install': False, 'test_result_base': None}
[0.391s] Level 5:colcon.colcon_core.verb:set package 'my_robot_controller' build argument 'cmake_args' from command line to 'None'
[0.391s] Level 5:colcon.colcon_core.verb:set package 'my_robot_controller' build argument 'cmake_target' from command line to 'None'
[0.391s] Level 5:colcon.colcon_core.verb:set package 'my_robot_controller' build argument 'cmake_target_skip_unavailable' from command line to 'False'
[0.391s] Level 5:colcon.colcon_core.verb:set package 'my_robot_controller' build argument 'cmake_clean_cache' from command line to 'False'
[0.391s] Level 5:colcon.colcon_core.verb:set package 'my_robot_controller' build argument 'cmake_clean_first' from command line to 'False'
[0.391s] Level 5:colcon.colcon_core.verb:set package 'my_robot_controller' build argument 'cmake_force_configure' from command line to 'False'
[0.391s] Level 5:colcon.colcon_core.verb:set package 'my_robot_controller' build argument 'ament_cmake_args' from command line to 'None'
[0.391s] Level 5:colcon.colcon_core.verb:set package 'my_robot_controller' build argument 'catkin_cmake_args' from command line to 'None'
[0.391s] Level 5:colcon.colcon_core.verb:set package 'my_robot_controller' build argument 'catkin_skip_building_tests' from command line to 'False'
[0.391s] DEBUG:colcon.colcon_core.verb:Building package 'my_robot_controller' with the following arguments: {'ament_cmake_args': None, 'build_base': '/home/jojodido/ros2_ws/build/my_robot_controller', 'catkin_cmake_args': None, 'catkin_skip_building_tests': False, 'cmake_args': None, 'cmake_clean_cache': False, 'cmake_clean_first': False, 'cmake_force_configure': False, 'cmake_target': None, 'cmake_target_skip_unavailable': False, 'install_base': '/home/jojodido/ros2_ws/install/my_robot_controller', 'merge_install': False, 'path': '/home/jojodido/ros2_ws/src/Advancing_motion_mapping_mobileBOT_R2H/my_robot_controller', 'symlink_install': False, 'test_result_base': None}
[0.392s] INFO:colcon.colcon_core.executor:Executing jobs using 'parallel' executor
[0.393s] DEBUG:colcon.colcon_parallel_executor.executor.parallel:run_until_complete
[0.393s] INFO:colcon.colcon_ros.task.ament_python.build:Building ROS package in '/home/jojodido/ros2_ws/src/Advancing_motion_mapping_mobileBOT_R2H/mobile_robot' with build type 'ament_python'
[0.393s] Level 1:colcon.colcon_core.shell:create_environment_hook('mobile_robot', 'ament_prefix_path')
[0.395s] INFO:colcon.colcon_core.plugin_system:Skipping extension 'colcon_core.shell.bat': Not used on non-Windows systems
[0.395s] INFO:colcon.colcon_core.shell:Creating environment hook '/home/jojodido/ros2_ws/install/mobile_robot/share/mobile_robot/hook/ament_prefix_path.ps1'
[0.396s] INFO:colcon.colcon_core.shell:Creating environment descriptor '/home/jojodido/ros2_ws/install/mobile_robot/share/mobile_robot/hook/ament_prefix_path.dsv'
[0.397s] INFO:colcon.colcon_core.shell:Creating environment hook '/home/jojodido/ros2_ws/install/mobile_robot/share/mobile_robot/hook/ament_prefix_path.sh'
[0.397s] INFO:colcon.colcon_core.shell:Skip shell extension 'powershell' for command environment: Not usable outside of PowerShell
[0.397s] DEBUG:colcon.colcon_core.shell:Skip shell extension 'dsv' for command environment
[0.401s] INFO:colcon.colcon_ros.task.ament_python.build:Building ROS package in '/home/jojodido/ros2_ws/src/Advancing_motion_mapping_mobileBOT_R2H/my_robot_controller' with build type 'ament_python'
[0.401s] Level 1:colcon.colcon_core.shell:create_environment_hook('my_robot_controller', 'ament_prefix_path')
[0.401s] INFO:colcon.colcon_core.shell:Creating environment hook '/home/jojodido/ros2_ws/install/my_robot_controller/share/my_robot_controller/hook/ament_prefix_path.ps1'
[0.402s] INFO:colcon.colcon_core.shell:Creating environment descriptor '/home/jojodido/ros2_ws/install/my_robot_controller/share/my_robot_controller/hook/ament_prefix_path.dsv'
[0.402s] INFO:colcon.colcon_core.shell:Creating environment hook '/home/jojodido/ros2_ws/install/my_robot_controller/share/my_robot_controller/hook/ament_prefix_path.sh'
[0.402s] INFO:colcon.colcon_core.shell:Skip shell extension 'powershell' for command environment: Not usable outside of PowerShell
[0.402s] DEBUG:colcon.colcon_core.shell:Skip shell extension 'dsv' for command environment
[0.648s] INFO:colcon.colcon_core.task.python.build:Building Python package in '/home/jojodido/ros2_ws/src/Advancing_motion_mapping_mobileBOT_R2H/mobile_robot'
[0.648s] INFO:colcon.colcon_core.shell:Skip shell extension 'powershell' for command environment: Not usable outside of PowerShell
[0.648s] DEBUG:colcon.colcon_core.shell:Skip shell extension 'dsv' for command environment
[0.861s] INFO:colcon.colcon_core.task.python.build:Building Python package in '/home/jojodido/ros2_ws/src/Advancing_motion_mapping_mobileBOT_R2H/my_robot_controller'
[0.861s] INFO:colcon.colcon_core.shell:Skip shell extension 'powershell' for command environment: Not usable outside of PowerShell
[0.861s] DEBUG:colcon.colcon_core.shell:Skip shell extension 'dsv' for command environment
[1.117s] DEBUG:colcon.colcon_core.event_handler.log_command:Invoking command in '/home/jojodido/ros2_ws/src/Advancing_motion_mapping_mobileBOT_R2H/mobile_robot': PYTHONPATH=/home/jojodido/ros2_ws/build/mobile_robot/prefix_override:/usr/lib/python3/dist-packages/colcon_core/task/python/colcon_distutils_commands:/home/jojodido/ros2_ws/install/mobile_robot/lib/python3.10/site-packages:${PYTHONPATH} /usr/bin/python3 -W ignore:setup.py install is deprecated -W ignore:easy_install command is deprecated setup.py egg_info --egg-base ../../../build/mobile_robot build --build-base /home/jojodido/ros2_ws/build/mobile_robot/build install --record /home/jojodido/ros2_ws/build/mobile_robot/install.log --single-version-externally-managed install_data
[1.119s] DEBUG:colcon.colcon_core.event_handler.log_command:Invoking command in '/home/jojodido/ros2_ws/src/Advancing_motion_mapping_mobileBOT_R2H/my_robot_controller': PYTHONPATH=/home/jojodido/ros2_ws/build/my_robot_controller/prefix_override:/usr/lib/python3/dist-packages/colcon_core/task/python/colcon_distutils_commands:/home/jojodido/ros2_ws/install/my_robot_controller/lib/python3.10/site-packages:${PYTHONPATH} /usr/bin/python3 -W ignore:setup.py install is deprecated -W ignore:easy_install command is deprecated setup.py egg_info --egg-base ../../../build/my_robot_controller build --build-base /home/jojodido/ros2_ws/build/my_robot_controller/build install --record /home/jojodido/ros2_ws/build/my_robot_controller/install.log --single-version-externally-managed install_data
[1.327s] DEBUG:colcon.colcon_core.event_handler.log_command:Invoked command in '/home/jojodido/ros2_ws/src/Advancing_motion_mapping_mobileBOT_R2H/mobile_robot' returned '0': PYTHONPATH=/home/jojodido/ros2_ws/build/mobile_robot/prefix_override:/usr/lib/python3/dist-packages/colcon_core/task/python/colcon_distutils_commands:/home/jojodido/ros2_ws/install/mobile_robot/lib/python3.10/site-packages:${PYTHONPATH} /usr/bin/python3 -W ignore:setup.py install is deprecated -W ignore:easy_install command is deprecated setup.py egg_info --egg-base ../../../build/mobile_robot build --build-base /home/jojodido/ros2_ws/build/mobile_robot/build install --record /home/jojodido/ros2_ws/build/mobile_robot/install.log --single-version-externally-managed install_data
[1.329s] Level 1:colcon.colcon_core.environment:checking '/home/jojodido/ros2_ws/install/mobile_robot' for CMake module files
[1.329s] Level 1:colcon.colcon_core.environment:checking '/home/jojodido/ros2_ws/install/mobile_robot' for CMake config files
[1.329s] Level 1:colcon.colcon_core.environment:checking '/home/jojodido/ros2_ws/install/mobile_robot/lib'
[1.329s] Level 1:colcon.colcon_core.environment:checking '/home/jojodido/ros2_ws/install/mobile_robot/bin'
[1.330s] Level 1:colcon.colcon_core.environment:checking '/home/jojodido/ros2_ws/install/mobile_robot/lib/pkgconfig/mobile_robot.pc'
[1.330s] Level 1:colcon.colcon_core.environment:checking '/home/jojodido/ros2_ws/install/mobile_robot/lib/python3.10/site-packages'
[1.330s] Level 1:colcon.colcon_core.shell:create_environment_hook('mobile_robot', 'pythonpath')
[1.330s] INFO:colcon.colcon_core.shell:Creating environment hook '/home/jojodido/ros2_ws/install/mobile_robot/share/mobile_robot/hook/pythonpath.ps1'
[1.330s] INFO:colcon.colcon_core.shell:Creating environment descriptor '/home/jojodido/ros2_ws/install/mobile_robot/share/mobile_robot/hook/pythonpath.dsv'
[1.330s] INFO:colcon.colcon_core.shell:Creating environment hook '/home/jojodido/ros2_ws/install/mobile_robot/share/mobile_robot/hook/pythonpath.sh'
[1.331s] Level 1:colcon.colcon_core.environment:checking '/home/jojodido/ros2_ws/install/mobile_robot/bin'
[1.331s] Level 1:colcon.colcon_core.environment:create_environment_scripts_only(mobile_robot)
[1.331s] INFO:colcon.colcon_core.shell:Creating package script '/home/jojodido/ros2_ws/install/mobile_robot/share/mobile_robot/package.ps1'
[1.331s] INFO:colcon.colcon_core.shell:Creating package descriptor '/home/jojodido/ros2_ws/install/mobile_robot/share/mobile_robot/package.dsv'
[1.332s] INFO:colcon.colcon_core.shell:Creating package script '/home/jojodido/ros2_ws/install/mobile_robot/share/mobile_robot/package.sh'
[1.332s] INFO:colcon.colcon_core.shell:Creating package script '/home/jojodido/ros2_ws/install/mobile_robot/share/mobile_robot/package.bash'
[1.333s] INFO:colcon.colcon_core.shell:Creating package script '/home/jojodido/ros2_ws/install/mobile_robot/share/mobile_robot/package.zsh'
[1.333s] Level 1:colcon.colcon_core.environment:create_file_with_runtime_dependencies(/home/jojodido/ros2_ws/install/mobile_robot/share/colcon-core/packages/mobile_robot)
[1.334s] Level 1:colcon.colcon_core.environment:checking '/home/jojodido/ros2_ws/install/my_robot_controller' for CMake module files
[1.335s] DEBUG:colcon.colcon_core.event_handler.log_command:Invoked command in '/home/jojodido/ros2_ws/src/Advancing_motion_mapping_mobileBOT_R2H/my_robot_controller' returned '0': PYTHONPATH=/home/jojodido/ros2_ws/build/my_robot_controller/prefix_override:/usr/lib/python3/dist-packages/colcon_core/task/python/colcon_distutils_commands:/home/jojodido/ros2_ws/install/my_robot_controller/lib/python3.10/site-packages:${PYTHONPATH} /usr/bin/python3 -W ignore:setup.py install is deprecated -W ignore:easy_install command is deprecated setup.py egg_info --egg-base ../../../build/my_robot_controller build --build-base /home/jojodido/ros2_ws/build/my_robot_controller/build install --record /home/jojodido/ros2_ws/build/my_robot_controller/install.log --single-version-externally-managed install_data
[1.335s] Level 1:colcon.colcon_core.environment:checking '/home/jojodido/ros2_ws/install/my_robot_controller' for CMake config files
[1.335s] Level 1:colcon.colcon_core.environment:checking '/home/jojodido/ros2_ws/install/my_robot_controller/lib'
[1.335s] Level 1:colcon.colcon_core.environment:checking '/home/jojodido/ros2_ws/install/my_robot_controller/bin'
[1.335s] Level 1:colcon.colcon_core.environment:checking '/home/jojodido/ros2_ws/install/my_robot_controller/lib/pkgconfig/my_robot_controller.pc'
[1.335s] Level 1:colcon.colcon_core.environment:checking '/home/jojodido/ros2_ws/install/my_robot_controller/lib/python3.10/site-packages'
[1.335s] Level 1:colcon.colcon_core.shell:create_environment_hook('my_robot_controller', 'pythonpath')
[1.336s] INFO:colcon.colcon_core.shell:Creating environment hook '/home/jojodido/ros2_ws/install/my_robot_controller/share/my_robot_controller/hook/pythonpath.ps1'
[1.336s] INFO:colcon.colcon_core.shell:Creating environment descriptor '/home/jojodido/ros2_ws/install/my_robot_controller/share/my_robot_controller/hook/pythonpath.dsv'
[1.336s] INFO:colcon.colcon_core.shell:Creating environment hook '/home/jojodido/ros2_ws/install/my_robot_controller/share/my_robot_controller/hook/pythonpath.sh'
[1.336s] Level 1:colcon.colcon_core.environment:checking '/home/jojodido/ros2_ws/install/my_robot_controller/bin'
[1.336s] Level 1:colcon.colcon_core.environment:create_environment_scripts_only(my_robot_controller)
[1.336s] INFO:colcon.colcon_core.shell:Creating package script '/home/jojodido/ros2_ws/install/my_robot_controller/share/my_robot_controller/package.ps1'
[1.337s] INFO:colcon.colcon_core.shell:Creating package descriptor '/home/jojodido/ros2_ws/install/my_robot_controller/share/my_robot_controller/package.dsv'
[1.337s] INFO:colcon.colcon_core.shell:Creating package script '/home/jojodido/ros2_ws/install/my_robot_controller/share/my_robot_controller/package.sh'
[1.337s] INFO:colcon.colcon_core.shell:Creating package script '/home/jojodido/ros2_ws/install/my_robot_controller/share/my_robot_controller/package.bash'
[1.337s] INFO:colcon.colcon_core.shell:Creating package script '/home/jojodido/ros2_ws/install/my_robot_controller/share/my_robot_controller/package.zsh'
[1.338s] Level 1:colcon.colcon_core.environment:create_file_with_runtime_dependencies(/home/jojodido/ros2_ws/install/my_robot_controller/share/colcon-core/packages/my_robot_controller)
[1.338s] DEBUG:colcon.colcon_parallel_executor.executor.parallel:closing loop
[1.338s] DEBUG:colcon.colcon_parallel_executor.executor.parallel:loop closed
[1.338s] DEBUG:colcon.colcon_parallel_executor.executor.parallel:run_until_complete finished with '0'
[1.338s] DEBUG:colcon.colcon_core.event_reactor:joining thread
[1.342s] INFO:colcon.colcon_core.plugin_system:Skipping extension 'colcon_notification.desktop_notification.terminal_notifier': Not used on non-Darwin systems
[1.342s] INFO:colcon.colcon_core.plugin_system:Skipping extension 'colcon_notification.desktop_notification.win32': Not used on non-Windows systems
[1.342s] INFO:colcon.colcon_notification.desktop_notification:Sending desktop notification using 'notify2'
[1.356s] DEBUG:colcon.colcon_core.event_reactor:joined thread
[1.356s] INFO:colcon.colcon_core.shell:Creating prefix script '/home/jojodido/ros2_ws/install/local_setup.ps1'
[1.357s] INFO:colcon.colcon_core.shell:Creating prefix util module '/home/jojodido/ros2_ws/install/_local_setup_util_ps1.py'
[1.358s] INFO:colcon.colcon_core.shell:Creating prefix chain script '/home/jojodido/ros2_ws/install/setup.ps1'
[1.359s] INFO:colcon.colcon_core.shell:Creating prefix script '/home/jojodido/ros2_ws/install/local_setup.sh'
[1.359s] INFO:colcon.colcon_core.shell:Creating prefix util module '/home/jojodido/ros2_ws/install/_local_setup_util_sh.py'
[1.360s] INFO:colcon.colcon_core.shell:Creating prefix chain script '/home/jojodido/ros2_ws/install/setup.sh'
[1.361s] INFO:colcon.colcon_core.shell:Creating prefix script '/home/jojodido/ros2_ws/install/local_setup.bash'
[1.361s] INFO:colcon.colcon_core.shell:Creating prefix chain script '/home/jojodido/ros2_ws/install/setup.bash'
[1.362s] INFO:colcon.colcon_core.shell:Creating prefix script '/home/jojodido/ros2_ws/install/local_setup.zsh'
[1.363s] INFO:colcon.colcon_core.shell:Creating prefix chain script '/home/jojodido/ros2_ws/install/setup.zsh'
