/home/jojodido/ros2_ws/install/my_robot_controller/lib/python3.10/site-packages/my_robot_controller/pose_sub.py
/home/jojodido/ros2_ws/install/my_robot_controller/lib/python3.10/site-packages/my_robot_controller/first_node.py
/home/jojodido/ros2_ws/install/my_robot_controller/lib/python3.10/site-packages/my_robot_controller/draw_circle.py
/home/jojodido/ros2_ws/install/my_robot_controller/lib/python3.10/site-packages/my_robot_controller/__init__.py
/home/jojodido/ros2_ws/install/my_robot_controller/lib/python3.10/site-packages/my_robot_controller/__pycache__/pose_sub.cpython-310.pyc
/home/jojodido/ros2_ws/install/my_robot_controller/lib/python3.10/site-packages/my_robot_controller/__pycache__/first_node.cpython-310.pyc
/home/jojodido/ros2_ws/install/my_robot_controller/lib/python3.10/site-packages/my_robot_controller/__pycache__/draw_circle.cpython-310.pyc
/home/jojodido/ros2_ws/install/my_robot_controller/lib/python3.10/site-packages/my_robot_controller/__pycache__/__init__.cpython-310.pyc
/home/jojodido/ros2_ws/install/my_robot_controller/share/ament_index/resource_index/packages/my_robot_controller
/home/jojodido/ros2_ws/install/my_robot_controller/share/my_robot_controller/package.xml
/home/jojodido/ros2_ws/install/my_robot_controller/share/my_robot_controller/launch/spawn_robot.launch.py
/home/jojodido/ros2_ws/install/my_robot_controller/lib/python3.10/site-packages/my_robot_controller-0.0.0-py3.10.egg-info/SOURCES.txt
/home/jojodido/ros2_ws/install/my_robot_controller/lib/python3.10/site-packages/my_robot_controller-0.0.0-py3.10.egg-info/top_level.txt
/home/jojodido/ros2_ws/install/my_robot_controller/lib/python3.10/site-packages/my_robot_controller-0.0.0-py3.10.egg-info/zip-safe
/home/jojodido/ros2_ws/install/my_robot_controller/lib/python3.10/site-packages/my_robot_controller-0.0.0-py3.10.egg-info/dependency_links.txt
/home/jojodido/ros2_ws/install/my_robot_controller/lib/python3.10/site-packages/my_robot_controller-0.0.0-py3.10.egg-info/entry_points.txt
/home/jojodido/ros2_ws/install/my_robot_controller/lib/python3.10/site-packages/my_robot_controller-0.0.0-py3.10.egg-info/PKG-INFO
/home/jojodido/ros2_ws/install/my_robot_controller/lib/python3.10/site-packages/my_robot_controller-0.0.0-py3.10.egg-info/requires.txt
/home/jojodido/ros2_ws/install/my_robot_controller/lib/my_robot_controller/drawcircle
/home/jojodido/ros2_ws/install/my_robot_controller/lib/my_robot_controller/pose_sub
/home/jojodido/ros2_ws/install/my_robot_controller/lib/my_robot_controller/test_node
