[0.782s] Invoking command in '/home/jojodido/ros2_ws/build/my_robot_controller': PYTHONPATH=/home/jojodido/ros2_ws/build/my_robot_controller/prefix_override:/usr/lib/python3/dist-packages/colcon_core/task/python/colcon_distutils_commands:/home/jojodido/ros2_ws/install/my_robot_controller/lib/python3.10/site-packages:${PYTHONPATH} /usr/bin/python3 -W ignore:setup.py install is deprecated -W ignore:easy_install command is deprecated setup.py develop --editable --build-directory /home/jojodido/ros2_ws/build/my_robot_controller/build --no-deps symlink_data --force
[0.960s] running develop
[1.066s] running egg_info
[1.066s] writing my_robot_controller.egg-info/PKG-INFO
[1.066s] writing dependency_links to my_robot_controller.egg-info/dependency_links.txt
[1.066s] writing entry points to my_robot_controller.egg-info/entry_points.txt
[1.066s] writing requirements to my_robot_controller.egg-info/requires.txt
[1.066s] writing top-level names to my_robot_controller.egg-info/top_level.txt
[1.067s] reading manifest file 'my_robot_controller.egg-info/SOURCES.txt'
[1.068s] writing manifest file 'my_robot_controller.egg-info/SOURCES.txt'
[1.069s] running build_ext
[1.069s] Creating /home/jojodido/ros2_ws/install/my_robot_controller/lib/python3.10/site-packages/my-robot-controller.egg-link (link to .)
[1.070s] Installing drawcircle script to /home/jojodido/ros2_ws/install/my_robot_controller/lib/my_robot_controller
[1.070s] Installing pose_sub script to /home/jojodido/ros2_ws/install/my_robot_controller/lib/my_robot_controller
[1.070s] Installing test_node script to /home/jojodido/ros2_ws/install/my_robot_controller/lib/my_robot_controller
[1.070s] 
[1.070s] Installed /home/jojodido/ros2_ws/build/my_robot_controller
[1.070s] running symlink_data
[1.070s] symbolically linking /home/jojodido/ros2_ws/build/my_robot_controller/resource/my_robot_controller -> /home/jojodido/ros2_ws/install/my_robot_controller/share/ament_index/resource_index/packages
[1.070s] symbolically linking /home/jojodido/ros2_ws/build/my_robot_controller/package.xml -> /home/jojodido/ros2_ws/install/my_robot_controller/share/my_robot_controller
[1.070s] symbolically linking /home/jojodido/ros2_ws/build/my_robot_controller/launch/spawn_robot.launch.py -> /home/jojodido/ros2_ws/install/my_robot_controller/share/my_robot_controller/launch
[1.097s] Invoked command in '/home/jojodido/ros2_ws/build/my_robot_controller' returned '0': PYTHONPATH=/home/jojodido/ros2_ws/build/my_robot_controller/prefix_override:/usr/lib/python3/dist-packages/colcon_core/task/python/colcon_distutils_commands:/home/jojodido/ros2_ws/install/my_robot_controller/lib/python3.10/site-packages:${PYTHONPATH} /usr/bin/python3 -W ignore:setup.py install is deprecated -W ignore:easy_install command is deprecated setup.py develop --editable --build-directory /home/jojodido/ros2_ws/build/my_robot_controller/build --no-deps symlink_data --force
