[0.570s] Invoking command in '/home/jojodido/ros2_ws/src/my_robot_controller': PYTHONPATH=/home/jojodido/ros2_ws/build/my_robot_controller/prefix_override:/usr/lib/python3/dist-packages/colcon_core/task/python/colcon_distutils_commands:/home/jojodido/ros2_ws/install/my_robot_controller/lib/python3.10/site-packages:${PYTHONPATH} /usr/bin/python3 -W ignore:setup.py install is deprecated -W ignore:easy_install command is deprecated setup.py egg_info --egg-base ../../build/my_robot_controller build --build-base /home/jojodido/ros2_ws/build/my_robot_controller/build install --record /home/jojodido/ros2_ws/build/my_robot_controller/install.log --single-version-externally-managed install_data
[0.725s] running egg_info
[0.725s] writing ../../build/my_robot_controller/my_robot_controller.egg-info/PKG-INFO
[0.726s] writing dependency_links to ../../build/my_robot_controller/my_robot_controller.egg-info/dependency_links.txt
[0.726s] writing entry points to ../../build/my_robot_controller/my_robot_controller.egg-info/entry_points.txt
[0.726s] writing requirements to ../../build/my_robot_controller/my_robot_controller.egg-info/requires.txt
[0.726s] writing top-level names to ../../build/my_robot_controller/my_robot_controller.egg-info/top_level.txt
[0.727s] reading manifest file '../../build/my_robot_controller/my_robot_controller.egg-info/SOURCES.txt'
[0.727s] writing manifest file '../../build/my_robot_controller/my_robot_controller.egg-info/SOURCES.txt'
[0.727s] running build
[0.728s] running build_py
[0.728s] running install
[0.728s] running install_lib
[0.729s] running install_data
[0.729s] running install_egg_info
[0.730s] removing '/home/jojodido/ros2_ws/install/my_robot_controller/lib/python3.10/site-packages/my_robot_controller-0.0.0-py3.10.egg-info' (and everything under it)
[0.730s] Copying ../../build/my_robot_controller/my_robot_controller.egg-info to /home/jojodido/ros2_ws/install/my_robot_controller/lib/python3.10/site-packages/my_robot_controller-0.0.0-py3.10.egg-info
[0.731s] running install_scripts
[0.745s] Installing drawcircle script to /home/jojodido/ros2_ws/install/my_robot_controller/lib/my_robot_controller
[0.746s] Installing pose_sub script to /home/jojodido/ros2_ws/install/my_robot_controller/lib/my_robot_controller
[0.746s] Installing test_node script to /home/jojodido/ros2_ws/install/my_robot_controller/lib/my_robot_controller
[0.746s] writing list of installed files to '/home/jojodido/ros2_ws/build/my_robot_controller/install.log'
[0.777s] Invoked command in '/home/jojodido/ros2_ws/src/my_robot_controller' returned '0': PYTHONPATH=/home/jojodido/ros2_ws/build/my_robot_controller/prefix_override:/usr/lib/python3/dist-packages/colcon_core/task/python/colcon_distutils_commands:/home/jojodido/ros2_ws/install/my_robot_controller/lib/python3.10/site-packages:${PYTHONPATH} /usr/bin/python3 -W ignore:setup.py install is deprecated -W ignore:easy_install command is deprecated setup.py egg_info --egg-base ../../build/my_robot_controller build --build-base /home/jojodido/ros2_ws/build/my_robot_controller/build install --record /home/jojodido/ros2_ws/build/my_robot_controller/install.log --single-version-externally-managed install_data
