/home/jojodido/ros2_ws/install/mobile_robot/lib/python3.10/site-packages/mobile_robot/__init__.py
/home/jojodido/ros2_ws/install/mobile_robot/lib/python3.10/site-packages/mobile_robot/__pycache__/__init__.cpython-310.pyc
/home/jojodido/ros2_ws/install/mobile_robot/share/ament_index/resource_index/packages/mobile_robot
/home/jojodido/ros2_ws/install/mobile_robot/share/mobile_robot/package.xml
/home/jojodido/ros2_ws/install/mobile_robot/share/mobile_robot/launch/viz.launch.py
/home/jojodido/ros2_ws/install/mobile_robot/share/mobile_robot/description/robot_core.xacro
/home/jojodido/ros2_ws/install/mobile_robot/share/mobile_robot/description/camera.xacro
/home/jojodido/ros2_ws/install/mobile_robot/share/mobile_robot/description/lidar.xacro
/home/jojodido/ros2_ws/install/mobile_robot/share/mobile_robot/description/gazebo_control.xacro
/home/jojodido/ros2_ws/install/mobile_robot/share/mobile_robot/description/ros2_control.xacro
/home/jojodido/ros2_ws/install/mobile_robot/share/mobile_robot/description/robot.urdf.xacro
/home/jojodido/ros2_ws/install/mobile_robot/share/mobile_robot/worlds/museum.world
/home/jojodido/ros2_ws/install/mobile_robot/share/mobile_robot/config/my_controllers.yaml
/home/jojodido/ros2_ws/install/mobile_robot/share/mobile_robot/config/gazebo_params.yaml
/home/jojodido/ros2_ws/install/mobile_robot/share/mobile_robot/config/teleop.yaml
/home/jojodido/ros2_ws/install/mobile_robot/share/mobile_robot/config/mapper_params_online_async.yaml
/home/jojodido/ros2_ws/install/mobile_robot/lib/python3.10/site-packages/mobile_robot-0.0.0-py3.10.egg-info/SOURCES.txt
/home/jojodido/ros2_ws/install/mobile_robot/lib/python3.10/site-packages/mobile_robot-0.0.0-py3.10.egg-info/top_level.txt
/home/jojodido/ros2_ws/install/mobile_robot/lib/python3.10/site-packages/mobile_robot-0.0.0-py3.10.egg-info/zip-safe
/home/jojodido/ros2_ws/install/mobile_robot/lib/python3.10/site-packages/mobile_robot-0.0.0-py3.10.egg-info/dependency_links.txt
/home/jojodido/ros2_ws/install/mobile_robot/lib/python3.10/site-packages/mobile_robot-0.0.0-py3.10.egg-info/entry_points.txt
/home/jojodido/ros2_ws/install/mobile_robot/lib/python3.10/site-packages/mobile_robot-0.0.0-py3.10.egg-info/PKG-INFO
/home/jojodido/ros2_ws/install/mobile_robot/lib/python3.10/site-packages/mobile_robot-0.0.0-py3.10.egg-info/requires.txt
